2026-05-21T19:19:51.034290Z[INFO][src/python/py_mod.rs:24] bc_stark_sdk version: 1.1.9
2026-05-21T19:20:11.810627Z[INFO][src/modbus/device_ctx.rs:998] Found device at baudrate Baud115200, slave_id: 0x1
2026-05-21T19:20:11.811115Z[INFO][src/modbus/device_ctx.rs:1000] Device SN: "BCMTL1061H2500008", hw_type: Revo1Touch
2026-05-21T19:20:11.814596Z[INFO][src/modbus/device_ctx.rs:1009] Device FW Version: "1.8.24.F"
2026-05-21T19:20:11.816086Z[INFO][src/stark/api/device_info.rs:28] slave[1] get_device_info...
2026-05-21T19:20:11.826681Z[INFO][src/stark/api/device_info.rs:158] DeviceInfo: "{\"sku_type\":\"MediumLeft\",\"hardware_type\":\"Revo1Touch\",\"serial_number\":\"BCMTL1061H2500008\",\"firmware_version\":\"1.8.24.F\"}"
2026-05-21T19:20:11.827280Z[INFO][/home/robot/codePWC/stark-serialport-example/python/revo1/revo1_utils.py:52] Device info: DeviceInfo { sku_type: MediumLeft, hardware_type: Revo1Touch, serial_number: BCMTL1061H2500008, firmware_version: 1.8.24.F }
2026-05-21T19:20:11.827533Z[INFO][/home/robot/codePWC/stark-serialport-example/python/revo1/revo1_utils.py:56] Touch hand
2026-05-21T19:20:11.827735Z[INFO][src/stark/api/device_info.rs:28] slave[1] get_device_info...
2026-05-21T19:20:11.838665Z[INFO][src/stark/api/device_info.rs:158] DeviceInfo: "{\"sku_type\":\"MediumLeft\",\"hardware_type\":\"Revo1Touch\",\"serial_number\":\"BCMTL1061H2500008\",\"firmware_version\":\"1.8.24.F\"}"
2026-05-21T19:20:18.645217Z[WARNING][src/modbus/device_ctx.rs:1678] slave[1] write_multiple_registers(address: 1010, data: [38, 13, 8, 34, 53, 39]) timeout
2026-05-21T19:20:21.411186Z[WARNING][src/modbus/device_ctx.rs:1678] slave[1] write_multiple_registers(address: 1010, data: [12, 100, 12, 25, 28, 21]) timeout
2026-05-21T19:20:24.195125Z[WARNING][src/modbus/device_ctx.rs:1678] slave[1] write_multiple_registers(address: 1010, data: [47, 5, 62, 67, 86, 95]) timeout
2026-05-21T19:20:29.688071Z[WARNING][src/modbus/device_ctx.rs:1678] slave[1] write_multiple_registers(address: 1010, data: [50, 12, 16, 25, 25, 23]) timeout
2026-05-21T19:20:35.174179Z[WARNING][src/modbus/device_ctx.rs:1678] slave[1] write_multiple_registers(address: 1010, data: [47, 9, 11, 21, 26, 34]) timeout
2026-05-21T19:20:40.660241Z[WARNING][src/modbus/device_ctx.rs:1678] slave[1] write_multiple_registers(address: 1010, data: [46, 9, 10, 19, 25, 35]) timeout
2026-05-21T19:20:46.145107Z[WARNING][src/modbus/device_ctx.rs:1678] slave[1] write_multiple_registers(address: 1010, data: [76, 31, 21, 29, 38, 49]) timeout
2026-05-21T19:20:51.618284Z[WARNING][src/modbus/device_ctx.rs:1678] slave[1] write_multiple_registers(address: 1010, data: [47, 100, 10, 14, 21, 19]) timeout
2026-05-21T19:20:57.104129Z[WARNING][src/modbus/device_ctx.rs:1678] slave[1] write_multiple_registers(address: 1010, data: [72, 25, 5, 58, 91, 77]) timeout
2026-05-21T19:21:02.591341Z[WARNING][src/modbus/device_ctx.rs:1678] slave[1] write_multiple_registers(address: 1010, data: [87, 31, 0, 0, 0, 2]) timeout
2026-05-21T19:21:08.076297Z[WARNING][src/modbus/device_ctx.rs:1678] slave[1] write_multiple_registers(address: 1010, data: [32, 0, 5, 0, 8, 24]) timeout
2026-05-21T19:21:10.868120Z[WARNING][src/modbus/device_ctx.rs:1678] slave[1] write_multiple_registers(address: 1010, data: [27, 0, 3, 0, 5, 19]) timeout
2026-05-21T19:21:13.632455Z[WARNING][src/modbus/device_ctx.rs:1678] slave[1] write_multiple_registers(address: 1010, data: [80, 47, 2, 0, 0, 3]) timeout
2026-05-21T19:21:16.423314Z[WARNING][src/modbus/device_ctx.rs:1678] slave[1] write_multiple_registers(address: 1010, data: [27, 0, 4, 0, 5, 19]) timeout
2026-05-21T19:21:19.187262Z[WARNING][src/modbus/device_ctx.rs:1678] slave[1] write_multiple_registers(address: 1010, data: [33, 0, 0, 0, 3, 18]) timeout
2026-05-21T19:21:21.979241Z[WARNING][src/modbus/device_ctx.rs:1678] slave[1] write_multiple_registers(address: 1010, data: [28, 0, 3, 0, 5, 19]) timeout
2026-05-21T19:21:27.465276Z[WARNING][src/modbus/device_ctx.rs:1678] slave[1] write_multiple_registers(address: 1010, data: [22, 100, 43, 54, 53, 43]) timeout
2026-05-21T19:21:32.951260Z[WARNING][src/modbus/device_ctx.rs:1678] slave[1] write_multiple_registers(address: 1010, data: [64, 31, 28, 30, 27, 17]) timeout
